Running: /opt/Xilinx/14.7/ISE_DS/ISE/bin/lin64/unwrapped/fuse -intstyle ise -incremental -lib unisims_ver -lib unimacro_ver -lib xilinxcorelib_ver -lib secureip -o /home/ise/XilinxVM/csm152a/whackamole/main_no_buttons_tb_isim_beh.exe -prj /home/ise/XilinxVM/csm152a/whackamole/main_no_buttons_tb_beh.prj work.main_no_buttons_tb work.glbl 
ISim P.20160913 (signature 0xfbc00daa)
Number of CPUs detected in this system: 1
Turning on mult-threading, number of parallel sub-compilation jobs: 0 
Determining compilation order of HDL files
Analyzing Verilog file "/home/ise/XilinxVM/csm152a/whackamole/src/score_evaluation.v" into library work
Analyzing Verilog file "/home/ise/XilinxVM/csm152a/whackamole/src/mole_position.v" into library work
Analyzing Verilog file "/home/ise/XilinxVM/csm152a/whackamole/src/led_display.v" into library work
Analyzing Verilog file "/home/ise/XilinxVM/csm152a/whackamole/src/countdown_timer.v" into library work
Analyzing Verilog file "/home/ise/XilinxVM/csm152a/whackamole/src/main_no_buttons.v" into library work
Analyzing Verilog file "/home/ise/XilinxVM/csm152a/whackamole/src/tb/main_no_buttons_tb.v" into library work
Analyzing Verilog file "/opt/Xilinx/14.7/ISE_DS/ISE//verilog/src/glbl.v" into library work
Starting static elaboration
Completed static elaboration
Fuse Memory Usage: 94944 KB
Fuse CPU Usage: 2250 ms
Compiling module mole_position
Compiling module score_evaluation
Compiling module countdown_timer
Compiling module led_display_default
Compiling module main_no_buttons
Compiling module main_no_buttons_tb
Compiling module glbl
Time Resolution for simulation is 1ps.
Compiled 7 Verilog Units
Built simulation executable /home/ise/XilinxVM/csm152a/whackamole/main_no_buttons_tb_isim_beh.exe
Fuse Memory Usage: 98156 KB
Fuse CPU Usage: 2340 ms
GCC CPU Usage: 940 ms
